<?xml version="1.0" encoding="UTF-8" ?>
<testsuite tests="4" failures="0" name="com.AdeAyme.superMarioBros.viewTest.UIManagerTest" time="3.315" errors="0" skipped="0">
  <properties>
[...]
</properties>
  <testcase classname="com.AdeAyme.superMarioBros.viewTest.UIManagerTest" name="selectMapViaMouseTest" time="0.822"/>
  <testcase classname="com.AdeAyme.superMarioBros.viewTest.UIManagerTest" name="selectMapViaKeyboardTest" time="0.852"/>
  <testcase classname="com.AdeAyme.superMarioBros.viewTest.UIManagerTest" name="changeSelectedMapTest" time="0.824"/>
  <testcase classname="com.AdeAyme.superMarioBros.viewTest.UIManagerTest" name="creatUIManagerTest" time="0.817"/>
</testsuite>