<?xml version="1.0" encoding="UTF-8" ?>
<testsuite tests="68" failures="0" name="com.AdeAyme.superMarioBros.TestSuite" time="12.834" errors="0" skipped="0">
  <properties>
[...]
</properties>
  <testcase classname="com.AdeAyme.superMarioBros.modelTest.BricksTest" name="getPrizeTest" time="0.012"/>
  <testcase classname="com.AdeAyme.superMarioBros.modelTest.BricksTest" name="revealTest" time="0.781"/>
  <testcase classname="com.AdeAyme.superMarioBros.modelTest.BricksTest" name="isBreakableTest" time="0.013"/>
  <testcase classname="com.AdeAyme.superMarioBros.modelTest.BricksTest" name="getFramesTest" time="0.012"/>
  <testcase classname="com.AdeAyme.superMarioBros.modelTest.BricksTest" name="isEmptyTest" time="0.014"/>
  <testcase classname="com.AdeAyme.superMarioBros.modelTest.BricksTest" name="animateTest" time="0.011"/>
  <testcase classname="com.AdeAyme.superMarioBros.modelTest.CoinTest" name="revealTest" time="0"/>
  <testcase classname="com.AdeAyme.superMarioBros.modelTest.CoinTest" name="updateLocationTest" time="0"/>
  <testcase classname="com.AdeAyme.superMarioBros.modelTest.CoinTest" name="createCoinTest" time="0"/>
  <testcase classname="com.AdeAyme.superMarioBros.modelTest.CoinTest" name="onTouchTest" time="0.798"/>
  <testcase classname="com.AdeAyme.superMarioBros.modelTest.CoinTest" name="getRevealBoundaryTest" time="0"/>
  <testcase classname="com.AdeAyme.superMarioBros.modelTest.FireFlowerTest" name="onTouchTest" time="0.76"/>
  <testcase classname="com.AdeAyme.superMarioBros.modelTest.FireFlowerTest" name="createFireFlowerTest" time="0"/>
  <testcase classname="com.AdeAyme.superMarioBros.modelTest.MarioTest" name="onTouchEnemyTest" time="0.758"/>
  <testcase classname="com.AdeAyme.superMarioBros.modelTest.MarioTest" name="fireTest" time="0.758"/>
  <testcase classname="com.AdeAyme.superMarioBros.modelTest.MarioTest" name="jumpTest" time="0.71"/>
  <testcase classname="com.AdeAyme.superMarioBros.modelTest.MarioTest" name="moveTest" time="0.012"/>
  <testcase classname="com.AdeAyme.superMarioBros.modelTest.MarioTest" name="createMarioTest" time="0.012"/>
  <testcase classname="com.AdeAyme.superMarioBros.modelTest.MarioTest" name="resetTest" time="0.744"/>
  <testcase classname="com.AdeAyme.superMarioBros.modelTest.SuperMushroomTest" name="onTouchTest" time="0.709"/>
  <testcase classname="com.AdeAyme.superMarioBros.modelTest.SuperMushroomTest" name="createSuperMushroomTest" time="0"/>
  <testcase classname="com.AdeAyme.superMarioBros.modelTest.GoombaTest" name="updateTest" time="0.001"/>
  <testcase classname="com.AdeAyme.superMarioBros.modelTest.KoopaTroopaTest" name="updateTest" time="0"/>
  <testcase classname="com.AdeAyme.superMarioBros.modelTest.FireballTest" name="createFireballTest" time="0"/>
  <testcase classname="com.AdeAyme.superMarioBros.modelTest.MarioFireTest" name="onTouchEnemyTest" time="0.038"/>
  <testcase classname="com.AdeAyme.superMarioBros.modelTest.MarioFireTest" name="createMarioFireTest" time="0.025"/>
  <testcase classname="com.AdeAyme.superMarioBros.modelTest.MarioNormalTest" name="onTouchEnemyTest" time="0.012"/>
  <testcase classname="com.AdeAyme.superMarioBros.modelTest.MarioNormalTest" name="createMarioNormalTest" time="0.012"/>
  <testcase classname="com.AdeAyme.superMarioBros.modelTest.MarioSuperTest" name="onTouchEnemyTest" time="0.025"/>
  <testcase classname="com.AdeAyme.superMarioBros.modelTest.MarioSuperTest" name="createMarioSuperTest" time="0.011"/>
  <testcase classname="com.AdeAyme.superMarioBros.modelTest.OneUpMushroomTest" name="createOneUpMushroomTest" time="0"/>
  <testcase classname="com.AdeAyme.superMarioBros.modelTest.OneUpMushroomTest" name="onTouchTest" time="0.739"/>
  <testcase classname="com.AdeAyme.superMarioBros.modelTest.EndFlagTest" name="updateLocationTest" time="0"/>
  <testcase classname="com.AdeAyme.superMarioBros.modelTest.EndFlagTest" name="createEndFlagTest" time="0"/>
  <testcase classname="com.AdeAyme.superMarioBros.modelTest.BoostItemTest" name="updateLocationTest" time="0"/>
  <testcase classname="com.AdeAyme.superMarioBros.modelTest.BoostItemTest" name="reveal" time="0"/>
  <testcase classname="com.AdeAyme.superMarioBros.modelTest.BoostItemTest" name="createBoostItemTest" time="0"/>
  <testcase classname="com.AdeAyme.superMarioBros.modelTest.BoostItemTest" name="onTouchTest" time="0.756"/>
  <testcase classname="com.AdeAyme.superMarioBros.modelTest.BoostItemTest" name="getPointTest" time="0"/>
  <testcase classname="com.AdeAyme.superMarioBros.modelTest.GameObjectTest" name="createGameObjectTest" time="0.013"/>
  <testcase classname="com.AdeAyme.superMarioBros.modelTest.GameObjectTest" name="updateLocationTest" time="0.011"/>
  <testcase classname="com.AdeAyme.superMarioBros.modelTest.GameObjectTest" name="getGravityAccTest" time="0.012"/>
  <testcase classname="com.AdeAyme.superMarioBros.modelTest.GameObjectTest" name="setDimensionTest" time="0.011"/>
  <testcase classname="com.AdeAyme.superMarioBros.modelTest.MapTest" name="updateTimeTest" time="0"/>
  <testcase classname="com.AdeAyme.superMarioBros.modelTest.MapTest" name="updateLocationTest" time="0.023"/>
  <testcase classname="com.AdeAyme.superMarioBros.modelTest.MapTest" name="addAndGetBricksTest" time="0.011"/>
  <testcase classname="com.AdeAyme.superMarioBros.modelTest.MapTest" name="addAndGetEnemiesTest" time="0"/>
  <testcase classname="com.AdeAyme.superMarioBros.modelTest.MapTest" name="setAndGetPathTest" time="0"/>
  <testcase classname="com.AdeAyme.superMarioBros.modelTest.MapTest" name="getBottomBorderTest" time="0"/>
  <testcase classname="com.AdeAyme.superMarioBros.modelTest.MapTest" name="isTimeOverTest" time="0"/>
  <testcase classname="com.AdeAyme.superMarioBros.modelTest.MapTest" name="setAndGetEndPointTest" time="0"/>
  <testcase classname="com.AdeAyme.superMarioBros.modelTest.MapTest" name="addGetAndRemoveRevealedPrizeTest" time="0"/>
  <testcase classname="com.AdeAyme.superMarioBros.modelTest.MapTest" name="addGetAndRemoveFireballsTest" time="0"/>
  <testcase classname="com.AdeAyme.superMarioBros.viewTest.AnimationTest" name="animateTest" time="0.003"/>
  <testcase classname="com.AdeAyme.superMarioBros.viewTest.UIManagerTest" name="selectMapViaMouseTest" time="0.929"/>
  <testcase classname="com.AdeAyme.superMarioBros.viewTest.UIManagerTest" name="selectMapViaKeyboardTest" time="0.906"/>
  <testcase classname="com.AdeAyme.superMarioBros.viewTest.UIManagerTest" name="changeSelectedMapTest" time="0.843"/>
  <testcase classname="com.AdeAyme.superMarioBros.viewTest.UIManagerTest" name="creatUIManagerTest" time="0.798"/>
  <testcase classname="com.AdeAyme.superMarioBros.viewTest.MapSelectionItemTest" name="createMapSelectionItemTest" time="0.012"/>
  <testcase classname="com.AdeAyme.superMarioBros.viewTest.MapSelectionItemTest" name="setNameTest" time="0.013"/>
  <testcase classname="com.AdeAyme.superMarioBros.viewTest.MapSelectionItemTest" name="setDimensionTest" time="0.013"/>
  <testcase classname="com.AdeAyme.superMarioBros.viewTest.MapSelectionTest" name="changeSelectedMapTest" time="0.026"/>
  <testcase classname="com.AdeAyme.superMarioBros.viewTest.MapSelectionTest" name="selectMapIndexTest" time="0.025"/>
  <testcase classname="com.AdeAyme.superMarioBros.viewTest.MapSelectionTest" name="selectMapMouseTest" time="0.027"/>
  <testcase classname="com.AdeAyme.superMarioBros.controllerTest.CameraTest" name="moveCamTest" time="0"/>
  <testcase classname="com.AdeAyme.superMarioBros.controllerTest.CameraTest" name="setAndGetYTest" time="0"/>
  <testcase classname="com.AdeAyme.superMarioBros.controllerTest.GameEngineTest" name="initTest" time="0.738"/>
  <testcase classname="com.AdeAyme.superMarioBros.controllerTest.GameEngineTest" name="receiveInputTest" time="0.697"/>
</testsuite>