<?xml version="1.0" encoding="UTF-8"?>
<testsuite xmlns:xsi="http://www.w3.org/2001/XMLSchema-instance" xsi:noNamespaceSchemaLocation="https://maven.apache.org/surefire/maven-surefire-plugin/xsd/surefire-test-report-3.0.xsd" version="3.0" name="com.AdeAyme.superMarioBros.TestSuite" time="11.19" tests="67" errors="0" skipped="0" failures="0">
  <properties>
[...]
</properties>
  <testcase name="getPrizeTest" classname="com.AdeAyme.superMarioBros.modelTest.BricksTest" time="0.009"/>
  <testcase name="revealTest" classname="com.AdeAyme.superMarioBros.modelTest.BricksTest" time="0.645">
    <system-out><![CDATA[BrickTest
El mapa esta creado!! 🕺
NOTIFIQUE
20
]]></system-out>
  </testcase>
  <testcase name="isBreakableTest" classname="com.AdeAyme.superMarioBros.modelTest.BricksTest" time="0.011"/>
  <testcase name="getFramesTest" classname="com.AdeAyme.superMarioBros.modelTest.BricksTest" time="0.009"/>
  <testcase name="isEmptyTest" classname="com.AdeAyme.superMarioBros.modelTest.BricksTest" time="0.01"/>
  <testcase name="animateTest" classname="com.AdeAyme.superMarioBros.modelTest.BricksTest" time="0.011"/>
  <testcase name="revealTest" classname="com.AdeAyme.superMarioBros.modelTest.CoinTest" time="0"/>
  <testcase name="updateLocationTest" classname="com.AdeAyme.superMarioBros.modelTest.CoinTest" time="0"/>
  <testcase name="createCoinTest" classname="com.AdeAyme.superMarioBros.modelTest.CoinTest" time="0"/>
  <testcase name="onTouchTest" classname="com.AdeAyme.superMarioBros.modelTest.CoinTest" time="0.699">
    <system-out><![CDATA[CoinTest
El mapa esta creado!! 🕺
]]></system-out>
  </testcase>
  <testcase name="getRevealBoundaryTest" classname="com.AdeAyme.superMarioBros.modelTest.CoinTest" time="0"/>
  <testcase name="onTouchTest" classname="com.AdeAyme.superMarioBros.modelTest.FireFlowerTest" time="0.669">
    <system-out><![CDATA[CoinTest
El mapa esta creado!! 🕺
]]></system-out>
  </testcase>
  <testcase name="createFireFlowerTest" classname="com.AdeAyme.superMarioBros.modelTest.FireFlowerTest" time="0"/>
  <testcase name="onTouchEnemyTest" classname="com.AdeAyme.superMarioBros.modelTest.MarioTest" time="0.71">
    <system-out><![CDATA[MarioTest
El mapa esta creado!! 🕺
NOTIFIQUE
0
NOTIFIQUE
0
]]></system-out>
  </testcase>
  <testcase name="fireTest" classname="com.AdeAyme.superMarioBros.modelTest.MarioTest" time="0.801">
    <system-out><![CDATA[MarioTest
El mapa esta creado!! 🕺
NOTIFIQUE
0
]]></system-out>
  </testcase>
  <testcase name="jumpTest" classname="com.AdeAyme.superMarioBros.modelTest.MarioTest" time="0.626">
    <system-out><![CDATA[MarioTest
El mapa esta creado!! 🕺
]]></system-out>
  </testcase>
  <testcase name="moveTest" classname="com.AdeAyme.superMarioBros.modelTest.MarioTest" time="0.01"/>
  <testcase name="createMarioTest" classname="com.AdeAyme.superMarioBros.modelTest.MarioTest" time="0.009"/>
  <testcase name="resetTest" classname="com.AdeAyme.superMarioBros.modelTest.MarioTest" time="0.63">
    <system-out><![CDATA[MarioTest
El mapa esta creado!! 🕺
]]></system-out>
  </testcase>
  <testcase name="onTouchTest" classname="com.AdeAyme.superMarioBros.modelTest.SuperMushroomTest" time="0.658">
    <system-out><![CDATA[CoinTest
El mapa esta creado!! 🕺
NOTIFIQUE
0
]]></system-out>
  </testcase>
  <testcase name="createSuperMushroomTest" classname="com.AdeAyme.superMarioBros.modelTest.SuperMushroomTest" time="0"/>
  <testcase name="updateTest" classname="com.AdeAyme.superMarioBros.modelTest.GoombaTest" time="0"/>
  <testcase name="updateTest" classname="com.AdeAyme.superMarioBros.modelTest.KoopaTroopaTest" time="0"/>
  <testcase name="createFireballTest" classname="com.AdeAyme.superMarioBros.modelTest.FireballTest" time="0"/>
  <testcase name="onTouchEnemyTest" classname="com.AdeAyme.superMarioBros.modelTest.MarioFireTest" time="0.036"/>
  <testcase name="createMarioFireTest" classname="com.AdeAyme.superMarioBros.modelTest.MarioFireTest" time="0.021"/>
  <testcase name="onTouchEnemyTest" classname="com.AdeAyme.superMarioBros.modelTest.MarioNormalTest" time="0.012">
    <system-out><![CDATA[Error
]]></system-out>
  </testcase>
  <testcase name="createMarioNormalTest" classname="com.AdeAyme.superMarioBros.modelTest.MarioNormalTest" time="0.007"/>
  <testcase name="onTouchEnemyTest" classname="com.AdeAyme.superMarioBros.modelTest.MarioSuperTest" time="0.02"/>
  <testcase name="createMarioSuperTest" classname="com.AdeAyme.superMarioBros.modelTest.MarioSuperTest" time="0.01"/>
  <testcase name="createOneUpMushroomTest" classname="com.AdeAyme.superMarioBros.modelTest.OneUpMushroomTest" time="0"/>
  <testcase name="onTouchTest" classname="com.AdeAyme.superMarioBros.modelTest.OneUpMushroomTest" time="0.648">
    <system-out><![CDATA[OneUpMushroomTest
El mapa esta creado!! 🕺
NOTIFIQUE
0
]]></system-out>
  </testcase>
  <testcase name="updateLocationTest" classname="com.AdeAyme.superMarioBros.modelTest.EndFlagTest" time="0"/>
  <testcase name="createEndFlagTest" classname="com.AdeAyme.superMarioBros.modelTest.EndFlagTest" time="0"/>
  <testcase name="updateLocationTest" classname="com.AdeAyme.superMarioBros.modelTest.BoostItemTest" time="0"/>
  <testcase name="reveal" classname="com.AdeAyme.superMarioBros.modelTest.BoostItemTest" time="0"/>
  <testcase name="createBoostItemTest" classname="com.AdeAyme.superMarioBros.modelTest.BoostItemTest" time="0"/>
  <testcase name="onTouchTest" classname="com.AdeAyme.superMarioBros.modelTest.BoostItemTest" time="0.73">
    <system-out><![CDATA[CoinTest
El mapa esta creado!! 🕺
]]></system-out>
  </testcase>
  <testcase name="getPointTest" classname="com.AdeAyme.superMarioBros.modelTest.BoostItemTest" time="0"/>
  <testcase name="createGameObjectTest" classname="com.AdeAyme.superMarioBros.modelTest.GameObjectTest" time="0.011"/>
  <testcase name="updateLocationTest" classname="com.AdeAyme.superMarioBros.modelTest.GameObjectTest" time="0.009"/>
  <testcase name="getGravityAccTest" classname="com.AdeAyme.superMarioBros.modelTest.GameObjectTest" time="0.008"/>
  <testcase name="setDimensionTest" classname="com.AdeAyme.superMarioBros.modelTest.GameObjectTest" time="0.01"/>
  <testcase name="updateTimeTest" classname="com.AdeAyme.superMarioBros.modelTest.MapTest" time="0.001"/>
  <testcase name="updateLocationTest" classname="com.AdeAyme.superMarioBros.modelTest.MapTest" time="0.019"/>
  <testcase name="addAndGetBricksTest" classname="com.AdeAyme.superMarioBros.modelTest.MapTest" time="0.009"/>
  <testcase name="addAndGetEnemiesTest" classname="com.AdeAyme.superMarioBros.modelTest.MapTest" time="0"/>
  <testcase name="setAndGetPathTest" classname="com.AdeAyme.superMarioBros.modelTest.MapTest" time="0"/>
  <testcase name="getBottomBorderTest" classname="com.AdeAyme.superMarioBros.modelTest.MapTest" time="0"/>
  <testcase name="isTimeOverTest" classname="com.AdeAyme.superMarioBros.modelTest.MapTest" time="0"/>
  <testcase name="setAndGetEndPointTest" classname="com.AdeAyme.superMarioBros.modelTest.MapTest" time="0"/>
  <testcase name="addGetAndRemoveRevealedPrizeTest" classname="com.AdeAyme.superMarioBros.modelTest.MapTest" time="0"/>
  <testcase name="addGetAndRemoveFireballsTest" classname="com.AdeAyme.superMarioBros.modelTest.MapTest" time="0"/>
  <testcase name="animateTest" classname="com.AdeAyme.superMarioBros.viewTest.AnimationTest" time="0.004"/>
  <testcase name="selectMapViaMouseTest" classname="com.AdeAyme.superMarioBros.viewTest.UIManagerTest" time="0.97">
    <system-out><![CDATA[UIManagerTest
El mapa esta creado!! 🕺
]]></system-out>
  </testcase>
  <testcase name="selectMapViaKeyboardTest" classname="com.AdeAyme.superMarioBros.viewTest.UIManagerTest" time="0.817">
    <system-out><![CDATA[UIManagerTest
El mapa esta creado!! 🕺
]]></system-out>
  </testcase>
  <testcase name="changeSelectedMapTest" classname="com.AdeAyme.superMarioBros.viewTest.UIManagerTest" time="0.811">
    <system-out><![CDATA[UIManagerTest
El mapa esta creado!! 🕺
]]></system-out>
  </testcase>
  <testcase name="creatUIManagerTest" classname="com.AdeAyme.superMarioBros.viewTest.UIManagerTest" time="0.777">
    <system-out><![CDATA[UIManagerTest
El mapa esta creado!! 🕺
]]></system-out>
  </testcase>
  <testcase name="createMapSelectionItemTest" classname="com.AdeAyme.superMarioBros.viewTest.MapSelectionItemTest" time="0.012"/>
  <testcase name="setNameTest" classname="com.AdeAyme.superMarioBros.viewTest.MapSelectionItemTest" time="0.012"/>
  <testcase name="setDimensionTest" classname="com.AdeAyme.superMarioBros.viewTest.MapSelectionItemTest" time="0.012"/>
  <testcase name="changeSelectedMapTest" classname="com.AdeAyme.superMarioBros.viewTest.MapSelectionTest" time="0.024"/>
  <testcase name="selectMapIndexTest" classname="com.AdeAyme.superMarioBros.viewTest.MapSelectionTest" time="0.023"/>
  <testcase name="selectMapMouseTest" classname="com.AdeAyme.superMarioBros.viewTest.MapSelectionTest" time="0.022"/>
  <testcase name="moveCamTest" classname="com.AdeAyme.superMarioBros.controllerTest.CameraTest" time="0"/>
  <testcase name="setAndGetYTest" classname="com.AdeAyme.superMarioBros.controllerTest.CameraTest" time="0"/>
  <testcase name="receiveInputTest" classname="com.AdeAyme.superMarioBros.controllerTest.GameEngineTest" time="0.641">
    <system-out><![CDATA[GameEngineTest
El mapa esta creado!! 🕺
]]></system-out>
  </testcase>
</testsuite>